<?xml version="1.0" encoding="UTF-8"?>
<!-- Generated by org.testng.reporters.JUnitReportReporter -->
<testsuite hostname="Madhuri" failures="0" tests="1" name="testscripts.regression.ValidateLoginUsingPOM2" time="31.905" errors="0" timestamp="2023-11-13T13:19:46 IST" skipped="0">
  <testcase classname="testscripts.regression.ValidateLoginUsingPOM2" name="validateLoginTest" time="31.905"/>
</testsuite> <!-- testscripts.regression.ValidateLoginUsingPOM2 -->
