<?xml version="1.0" encoding="UTF-8"?>
<!-- Generated by org.testng.reporters.JUnitReportReporter -->
<testsuite hostname="Madhuri" failures="0" tests="1" name="testscripts.regression.ValidateRegistrationPOM" time="15.759" errors="0" timestamp="2023-11-13T13:19:46 IST" skipped="0">
  <testcase classname="testscripts.regression.ValidateRegistrationPOM" name="validateRegistration" time="15.759"/>
</testsuite> <!-- testscripts.regression.ValidateRegistrationPOM -->
