<?xml version="1.0" encoding="UTF-8"?>
<!-- Generated by org.testng.reporters.JUnitReportReporter -->
<testsuite hostname="Madhuri" failures="0" tests="4" name="testscripts.regression.ValidateLoginDataProvider" time="38.752" errors="0" timestamp="2023-11-01T15:01:15 IST" skipped="0">
  <testcase classname="testscripts.regression.ValidateLoginDataProvider" name="validateLoginTest" time="8.679"/>
  <testcase classname="testscripts.regression.ValidateLoginDataProvider" name="validateLoginTest" time="9.305"/>
  <testcase classname="testscripts.regression.ValidateLoginDataProvider" name="validateLoginTest" time="10.485"/>
  <testcase classname="testscripts.regression.ValidateLoginDataProvider" name="validateLoginTest" time="10.283"/>
</testsuite> <!-- testscripts.regression.ValidateLoginDataProvider -->
