<?xml version="1.0" encoding="UTF-8"?>
<!-- Generated by org.testng.reporters.JUnitReportReporter -->
<testsuite hostname="Madhuri" failures="0" tests="1" name="testscripts.regression.ValidateRegistration" time="34.093" errors="0" timestamp="2023-11-06T15:12:51 IST" skipped="0">
  <testcase classname="testscripts.regression.ValidateRegistration" name="validateRegistrationTest" time="34.093"/>
</testsuite> <!-- testscripts.regression.ValidateRegistration -->
