<?xml version="1.0" encoding="UTF-8"?>
<!-- Generated by org.testng.reporters.JUnitReportReporter -->
<testsuite hostname="Madhuri" failures="0" tests="1" name="testscripts.regression.ValidateLoginUsingKeywords" time="6.622" errors="0" timestamp="2023-11-06T11:43:51 IST" skipped="0">
  <testcase classname="testscripts.regression.ValidateLoginUsingKeywords" name="validateLoginTest" time="6.622"/>
</testsuite> <!-- testscripts.regression.ValidateLoginUsingKeywords -->
