<?xml version="1.0" encoding="UTF-8"?>
<!-- Generated by org.testng.reporters.JUnitReportReporter -->
<testsuite hostname="Madhuri" failures="0" tests="4" name="testscripts.regression.ValidateLogin" time="62.314" errors="0" timestamp="2023-11-01T14:43:48 IST" skipped="0">
  <testcase classname="testscripts.regression.ValidateLogin" name="validateLoginTest4" time="33.624"/>
  <testcase classname="testscripts.regression.ValidateLogin" name="validateLoginTest3" time="11.177"/>
  <testcase classname="testscripts.regression.ValidateLogin" name="validateLoginTest2" time="8.623"/>
  <testcase classname="testscripts.regression.ValidateLogin" name="validateLoginTest1" time="8.890"/>
</testsuite> <!-- testscripts.regression.ValidateLogin -->
