<?xml version="1.0" encoding="UTF-8"?>
<!-- Generated by org.testng.reporters.JUnitReportReporter -->
<testsuite hostname="Madhuri" failures="0" tests="1" name="testscripts.regression.ValidateLoginUsingPOM" time="15.699" errors="0" timestamp="2023-11-06T14:41:41 IST" skipped="0">
  <testcase classname="testscripts.regression.ValidateLoginUsingPOM" name="validateLoginTest" time="15.699"/>
</testsuite> <!-- testscripts.regression.ValidateLoginUsingPOM -->
