<?xml version="1.0" encoding="UTF-8"?>
<!-- Generated by org.testng.reporters.JUnitReportReporter -->
<testsuite hostname="Madhuri" failures="0" tests="1" name="testscripts.regression.ValidateRegistrationPOM" time="29.341" errors="0" timestamp="2023-11-14T14:51:05 IST" skipped="0">
  <testcase classname="testscripts.regression.ValidateRegistrationPOM" name="validateRegistration" time="29.341"/>
</testsuite> <!-- testscripts.regression.ValidateRegistrationPOM -->
