<?xml version="1.0" encoding="UTF-8"?>
<!-- Generated by org.testng.reporters.JUnitReportReporter -->
<testsuite hostname="Madhuri" failures="0" tests="1" name="testscripts.regression.ValidateLoginUsingPOM2" time="29.405" errors="0" timestamp="2023-11-14T14:51:05 IST" skipped="0">
  <testcase classname="testscripts.regression.ValidateLoginUsingPOM2" name="validateLoginTest" time="29.405"/>
</testsuite> <!-- testscripts.regression.ValidateLoginUsingPOM2 -->
